<?xml version="1.0" encoding="UTF-8"?>
<testsuite name="Cucumber" time="12.828" tests="1" skipped="0" failures="0" errors="0">
<testcase classname="Create Manual login files for basic testing" name="Scenario name Initializing browser and navigate to eventa url" time="12.657">
<system-out><![CDATA[
Given user is on landing page...............................................passed
When user enters username and password......................................passed
Then user profile name is techno............................................passed
]]></system-out>
</testcase>
</testsuite>
